<?xml version="1.0" encoding="UTF-8"?>
<!-- Generated by org.testng.reporters.JUnitXMLReporter -->
<testsuite hostname="OGK-PC8" ignored="0" name="Test" tests="51" failures="0" timestamp="01 Feb 2019 09:30:10 GMT" time="7.46" errors="0">
  <testcase name="deleteComponentTest" time="0.031" classname="tests.component.DeleteComponentTests"/>
  <testcase name="deleteDeletedComponentTest" time="0.046" classname="tests.component.DeleteComponentTests"/>
  <testcase name="deleteBugTest" time="0.051" classname="tests.bug.DeleteBugTests"/>
  <testcase name="deleteDeletedBugTest" time="0.08" classname="tests.bug.DeleteBugTests"/>
  <testcase name="updateComponentTest" time="0.04" classname="tests.component.UpdateComponentsTests"/>
  <testcase name="updateNonExistingComponentTest" time="0.021" classname="tests.component.UpdateComponentsTests"/>
  <testcase name="updateToEmptyDescTest" time="0.03" classname="tests.component.UpdateComponentsTests"/>
  <testcase name="updateToEmptyNameTest" time="0.015" classname="tests.component.UpdateComponentsTests"/>
  <testcase name="updateToNonExistingUserNameTest" time="0.025" classname="tests.component.UpdateComponentsTests"/>
  <testcase name="logoutTest" time="0.034" classname="tests.auth.LogoutTests"/>
  <testcase name="logoutWithoutAuthTest" time="0.02" classname="tests.auth.LogoutTests"/>
  <testcase name="logoutWrongTokenTest" time="0.01" classname="tests.auth.LogoutTests"/>
  <testcase name="addBugTest" time="0.189" classname="tests.bug.AddBugTests"/>
  <testcase name="emptyIssueTypeTest" time="0.07" classname="tests.bug.AddBugTests"/>
  <testcase name="emptyKeyTest" time="0.072" classname="tests.bug.AddBugTests"/>
  <testcase name="emptySummaryTest" time="0.078" classname="tests.bug.AddBugTests"/>
  <testcase name="nonExistingKeyTest" time="0.069" classname="tests.bug.AddBugTests"/>
  <testcase name="wrongIssueTypeTest" time="0.052" classname="tests.bug.AddBugTests"/>
  <testcase name="addVersTest" time="0.033" classname="tests.version.AddVersionTests"/>
  <testcase name="addVersWithExistingNameTest" time="0.037" classname="tests.version.AddVersionTests"/>
  <testcase name="addVersWithoutDataTest" time="0.03" classname="tests.version.AddVersionTests"/>
  <testcase name="addVersWithoutDescTest" time="0.039" classname="tests.version.AddVersionTests"/>
  <testcase name="addVersWithoutNameTest" time="0.025" classname="tests.version.AddVersionTests"/>
  <testcase name="addVersWithoutProjectSpecifiedTest" time="0.025" classname="tests.version.AddVersionTests"/>
  <testcase name="deleteDeletedVersTest" time="0.03" classname="tests.version.DeleteVersionTests"/>
  <testcase name="deleteVersTest" time="0.015" classname="tests.version.DeleteVersionTests"/>
  <testcase name="createComponentEmptyNameTest" time="0.017" classname="tests.component.AddComponentTests"/>
  <testcase name="createComponentNonExstingProjectTest" time="0.02" classname="tests.component.AddComponentTests"/>
  <testcase name="createComponentNonExstingUserTest" time="0.015" classname="tests.component.AddComponentTests"/>
  <testcase name="createComponentTest" time="0.08" classname="tests.component.AddComponentTests"/>
  <testcase name="updateCommentForNonExistingBugTest" time="0.018" classname="tests.comment.UpdateCommentTests"/>
  <testcase name="updateCommentTest" time="0.191" classname="tests.comment.UpdateCommentTests"/>
  <testcase name="updateCommentUnathorizedTest" time="0.009" classname="tests.comment.UpdateCommentTests"/>
  <testcase name="updateCommentWithoutBodyTest" time="0.05" classname="tests.comment.UpdateCommentTests"/>
  <testcase name="updateCommentWithoutTypeTest" time="0.052" classname="tests.comment.UpdateCommentTests"/>
  <testcase name="updateCommentWithoutValueTest" time="0.095" classname="tests.comment.UpdateCommentTests"/>
  <testcase name="updateNonExistingCommentTest" time="0.013" classname="tests.comment.UpdateCommentTests"/>
  <testcase name="authorizeTest" time="0.035" classname="tests.auth.AuthorizeTests"/>
  <testcase name="invalidMultiauthorizeTest" time="0.015" classname="tests.auth.AuthorizeTests"/>
  <testcase name="invalidMultiauthorizeTest" time="0.015" classname="tests.auth.AuthorizeTests"/>
  <testcase name="invalidMultiauthorizeTest" time="0.01" classname="tests.auth.AuthorizeTests"/>
  <testcase name="invalidPassword" time="0.031" classname="tests.auth.AuthorizeTests"/>
  <testcase name="invalidUsername" time="0.01" classname="tests.auth.AuthorizeTests"/>
  <testcase name="addCommentToBugTest" time="0.245" classname="tests.comment.AddCommentToBugTests"/>
  <testcase name="addCommentToBugWithoutBodyTest" time="0.048" classname="tests.comment.AddCommentToBugTests"/>
  <testcase name="addCommentToBugWithoutTypeTest" time="0.036" classname="tests.comment.AddCommentToBugTests"/>
  <testcase name="addCommentToBugWithoutVaueTest" time="0.06" classname="tests.comment.AddCommentToBugTests"/>
  <testcase name="addCommentToNonExistingBugTest" time="0.059" classname="tests.comment.AddCommentToBugTests"/>
  <testcase name="addCommentToUnauthorizedBugTest" time="0.01" classname="tests.comment.AddCommentToBugTests"/>
  <testcase name="getComponentTest" time="0.025" classname="tests.component.GetComponentTests"/>
  <testcase name="getNonExistingComponentTest" time="0.015" classname="tests.component.GetComponentTests"/>
</testsuite> <!-- Test -->
